* installing *source* package ‘bliss’ ...
** using staged installation
** libs
g++ -std=gnu++11 -I"/usr/share/R/include" -DNDEBUG  -I'/home/pmgrolle/R/x86_64-pc-linux-gnu-library/4.0/Rcpp/include' -I'/home/pmgrolle/R/x86_64-pc-linux-gnu-library/4.0/RcppArmadillo/include'    -fpic  -g -O2 -fdebug-prefix-map=/home/jranke/git/r-backports/buster/r-base-4.0.5=. -fstack-protector-strong -Wformat -Werror=format-security -Wdate-time -D_FORTIFY_SOURCE=2 -g  -c RcppExports.cpp -o RcppExports.o
g++ -std=gnu++11 -I"/usr/share/R/include" -DNDEBUG  -I'/home/pmgrolle/R/x86_64-pc-linux-gnu-library/4.0/Rcpp/include' -I'/home/pmgrolle/R/x86_64-pc-linux-gnu-library/4.0/RcppArmadillo/include'    -fpic  -g -O2 -fdebug-prefix-map=/home/jranke/git/r-backports/buster/r-base-4.0.5=. -fstack-protector-strong -Wformat -Werror=format-security -Wdate-time -D_FORTIFY_SOURCE=2 -g  -c bliss_rcpp_functions.cpp -o bliss_rcpp_functions.o
g++ -std=gnu++11 -shared -L/usr/lib/R/lib -Wl,-z,relro -o bliss.so RcppExports.o bliss_rcpp_functions.o -llapack -lblas -lgfortran -lm -lquadmath -L/usr/lib/R/lib -lR
installing to /home/pmgrolle/Documents/MCF/Recherche/MISTEA/bliss.Rcheck/00LOCK-bliss/00new/bliss/libs
** R
** data
*** moving datasets to lazyload DB
** inst
** byte-compile and prepare package for lazy loading
** help
*** installing help indices
** building package indices
** installing vignettes
** testing if installed package can be loaded from temporary location
** checking absolute paths in shared objects and dynamic libraries
** testing if installed package can be loaded from final location
** testing if installed package keeps a record of temporary installation path
* DONE (bliss)
